\BOOKMARK [1][-]{section.1}{Introduction and formulation of the model}{}% 1
\BOOKMARK [2][-]{subsection.1.1}{Analogy to polygenic inheritance}{section.1}% 2
\BOOKMARK [2][-]{subsection.1.2}{Markov process model of inheritance}{section.1}% 3
\BOOKMARK [3][-]{subsubsection.1.2.1}{Brief and complete description of the process}{subsection.1.2}% 4
\BOOKMARK [2][-]{subsection.1.3}{Estimation of parameters through the normal linear model}{section.1}% 5
\BOOKMARK [2][-]{subsection.1.4}{Summary of assumptions and limitations}{section.1}% 6
\BOOKMARK [1][-]{section.2}{Properties of the model}{}% 7
\BOOKMARK [2][-]{subsection.2.1}{Marginal population distribution}{section.2}% 8
\BOOKMARK [2][-]{subsection.2.2}{Covariance and correlation}{section.2}% 9
\BOOKMARK [2][-]{subsection.2.3}{Conditional descendant distribution}{section.2}% 10
\BOOKMARK [2][-]{subsection.2.4}{Exponential convergence of the conditional descendant distribution}{section.2}% 11
\BOOKMARK [2][-]{subsection.2.5}{Population variance dynamics}{section.2}% 12
\BOOKMARK [2][-]{subsection.2.6}{Stationary distribution}{section.2}% 13
\BOOKMARK [2][-]{subsection.2.7}{Conditional ancestor distribution}{section.2}% 14
\BOOKMARK [2][-]{subsection.2.8}{Exponential convergence of the conditional ancestor distribution}{section.2}% 15
\BOOKMARK [1][-]{section.3}{Application to human stature}{}% 16
\BOOKMARK [2][-]{subsection.3.1}{Large population-based study}{section.3}% 17
\BOOKMARK [2][-]{subsection.3.2}{Pearson dataset}{section.3}% 18
\BOOKMARK [1][-]{section.4}{Mobility and information-loss}{}% 19
\BOOKMARK [2][-]{subsection.4.1}{Mobility as the rate of convergence to the marginal distribution}{section.4}% 20
\BOOKMARK [2][-]{subsection.4.2}{Proposed measure}{section.4}% 21
\BOOKMARK [2][-]{subsection.4.3}{Mobility under limiting cases}{section.4}% 22
\BOOKMARK [1][-]{section.5}{Probability kernels}{}% 23
\BOOKMARK [2][-]{subsection.5.1}{State to set, and set to set probabilities}{section.5}% 24
\BOOKMARK [2][-]{subsection.5.2}{Attributable and destined probabilities}{section.5}% 25
\BOOKMARK [2][-]{subsection.5.3}{Percentile transition matrices}{section.5}% 26
\BOOKMARK [2][-]{subsection.5.4}{Visualizations of percentile transition matrices}{section.5}% 27
\BOOKMARK [1][-]{section.6}{Discussion}{}% 28
\BOOKMARK [2][-]{subsection.6.1}{Summary of the model and its important properties}{section.6}% 29
\BOOKMARK [2][-]{subsection.6.2}{Use cases of the model}{section.6}% 30
\BOOKMARK [1][-]{section.7}{References}{}% 31
\BOOKMARK [1][-]{section.8}{Appendix}{}% 32
\BOOKMARK [2][-]{subsection.8.1}{Further mathematical checks}{section.8}% 33
\BOOKMARK [2][-]{subsection.8.2}{Software}{section.8}% 34
